<?xml version="1.0" encoding="UTF-8"?>
<!-- Generated by org.testng.reporters.JUnitReportReporter -->
<testsuite hostname="Syeds" failures="0" tests="1" name="practice.CompareTwoFiles" time="0.014" errors="0" timestamp="29 Mar 2022 12:44:42 GMT" skipped="0">
  <testcase classname="practice.CompareTwoFiles" name="compareTwofiles" time="0.014"/>
</testsuite> <!-- practice.CompareTwoFiles -->
